<?xml version="1.0" encoding="UTF-8"?>
<!-- Generated by org.testng.reporters.JUnitReportReporter -->
<testsuite hostname="LAPTOP-54RPE39J" failures="0" tests="1" name="testcases.BankManagerLoginTest" time="1.276" errors="0" timestamp="28 Jul 2022 09:24:57 GMT" skipped="0">
  <testcase classname="testcases.BankManagerLoginTest" name="loginAsBankManager" time="1.276"/>
</testsuite> <!-- testcases.BankManagerLoginTest -->
