<?xml version="1.0" encoding="UTF-8"?>
<!-- Generated by org.testng.reporters.JUnitReportReporter -->
<testsuite hostname="LAPTOP-54RPE39J" failures="0" tests="3" name="testcases.AddCustomerTest" time="1.164" errors="0" timestamp="28 Jul 2022 09:24:57 GMT" skipped="0">
  <testcase classname="testcases.AddCustomerTest" name="addCustomer" time="0.568"/>
  <testcase classname="testcases.AddCustomerTest" name="addCustomer" time="0.285"/>
  <testcase classname="testcases.AddCustomerTest" name="addCustomer" time="0.311"/>
</testsuite> <!-- testcases.AddCustomerTest -->
