<?xml version="1.0" encoding="UTF-8"?>
<!-- Generated by org.testng.reporters.JUnitReportReporter -->
<testsuite hostname="LAPTOP-54RPE39J" failures="0" tests="1" name="testcases.UserRegTest" time="0.002" errors="0" timestamp="27 Jul 2022 05:48:12 GMT" skipped="0">
  <testcase classname="testcases.UserRegTest" name="userRegTest" time="0.002"/>
</testsuite> <!-- testcases.UserRegTest -->
