<?xml version="1.0" encoding="UTF-8"?>
<!-- Generated by org.testng.reporters.JUnitReportReporter -->
<testsuite hostname="LAPTOP-54RPE39J" failures="0" tests="1" name="testcases.OpenAccountTest" time="0.632" errors="0" timestamp="28 Jul 2022 09:24:57 GMT" skipped="0">
  <testcase classname="testcases.OpenAccountTest" name="openAccount" time="0.632"/>
</testsuite> <!-- testcases.OpenAccountTest -->
