<?xml version="1.0" encoding="UTF-8"?>
<!-- Generated by org.testng.reporters.JUnitReportReporter -->
<testsuite hostname="LAPTOP-54RPE39J" failures="0" tests="1" name="testcases.BankManagerLoginTest" time="1.625" errors="0" timestamp="30 Jul 2022 06:22:55 GMT" skipped="0">
  <testcase classname="testcases.BankManagerLoginTest" name="loginAsBankManager" time="1.625"/>
</testsuite> <!-- testcases.BankManagerLoginTest -->
