<?xml version="1.0" encoding="UTF-8"?>
<!-- Generated by org.testng.reporters.JUnitReportReporter -->
<testsuite hostname="LAPTOP-54RPE39J" failures="0" tests="3" name="testcases.AddCustomerTest" time="1.020" errors="0" timestamp="30 Jul 2022 06:22:55 GMT" skipped="0">
  <testcase classname="testcases.AddCustomerTest" name="addCustomer" time="0.284"/>
  <testcase classname="testcases.AddCustomerTest" name="addCustomer" time="0.457"/>
  <testcase classname="testcases.AddCustomerTest" name="addCustomer" time="0.279"/>
</testsuite> <!-- testcases.AddCustomerTest -->
