<?xml version="1.0" encoding="UTF-8"?>
<!-- Generated by org.testng.reporters.JUnitReportReporter -->
<testsuite hostname="LAPTOP-54RPE39J" failures="0" tests="1" name="testcases.OpenAccountTest" time="0.431" errors="0" timestamp="30 Jul 2022 06:22:55 GMT" skipped="0">
  <testcase classname="testcases.OpenAccountTest" name="openAccount" time="0.431"/>
</testsuite> <!-- testcases.OpenAccountTest -->
